[OnlineJudge][ERROR] [2016-06-21 13:56:36] org.hibernate.tool.hbm2ddl.SchemaUpdate.execute(235) | HHH000388: Unsuccessful: create table onlinejudgedb.auth_group (id integer not null auto_increment, name varchar(80) not null unique, primary key (id)) ENGINE=InnoDB
[OnlineJudge][ERROR] [2016-06-21 13:56:36] org.hibernate.tool.hbm2ddl.SchemaUpdate.execute(236) | Unknown database 'onlinejudgedb'
[OnlineJudge][ERROR] [2016-06-21 13:56:36] org.hibernate.tool.hbm2ddl.SchemaUpdate.execute(235) | HHH000388: Unsuccessful: create table onlinejudgedb.auth_permission (id integer not null auto_increment, content_type_id integer not null, name varchar(255) not null, codename varchar(100) not null, primary key (id)) ENGINE=InnoDB
[OnlineJudge][ERROR] [2016-06-21 13:56:36] org.hibernate.tool.hbm2ddl.SchemaUpdate.execute(236) | Unknown database 'onlinejudgedb'
[OnlineJudge][ERROR] [2016-06-21 13:56:36] org.hibernate.tool.hbm2ddl.SchemaUpdate.execute(235) | HHH000388: Unsuccessful: create table onlinejudgedb.auth_user (id integer not null auto_increment, password varchar(128) not null, last_login datetime, is_superuser boolean not null, username varchar(30) not null unique, first_name varchar(30) not null, last_name varchar(30) not null, email varchar(254) not null, is_staff boolean not null, is_active boolean not null, date_joined datetime not null, primary key (id)) ENGINE=InnoDB
[OnlineJudge][ERROR] [2016-06-21 13:56:36] org.hibernate.tool.hbm2ddl.SchemaUpdate.execute(236) | Unknown database 'onlinejudgedb'
[OnlineJudge][ERROR] [2016-06-21 13:56:36] org.hibernate.tool.hbm2ddl.SchemaUpdate.execute(235) | HHH000388: Unsuccessful: create table onlinejudgedb.django_admin_log (id integer not null auto_increment, user_id integer not null, content_type_id integer, action_time datetime not null, object_id varchar(255), object_repr varchar(200) not null, action_flag smallint not null, change_message varchar(255) not null, primary key (id)) ENGINE=InnoDB
[OnlineJudge][ERROR] [2016-06-21 13:56:36] org.hibernate.tool.hbm2ddl.SchemaUpdate.execute(236) | Unknown database 'onlinejudgedb'
[OnlineJudge][ERROR] [2016-06-21 13:56:36] org.hibernate.tool.hbm2ddl.SchemaUpdate.execute(235) | HHH000388: Unsuccessful: create table onlinejudgedb.django_content_type (id integer not null auto_increment, app_label varchar(100) not null, model varchar(100) not null, primary key (id)) ENGINE=InnoDB
[OnlineJudge][ERROR] [2016-06-21 13:56:36] org.hibernate.tool.hbm2ddl.SchemaUpdate.execute(236) | Unknown database 'onlinejudgedb'
[OnlineJudge][ERROR] [2016-06-21 13:56:36] org.hibernate.tool.hbm2ddl.SchemaUpdate.execute(235) | HHH000388: Unsuccessful: alter table onlinejudgedb.auth_permission add index FK9C0EA4C661939D68 (content_type_id), add constraint FK9C0EA4C661939D68 foreign key (content_type_id) references onlinejudgedb.django_content_type (id)
[OnlineJudge][ERROR] [2016-06-21 13:56:36] org.hibernate.tool.hbm2ddl.SchemaUpdate.execute(236) | Table 'onlinejudgedb.auth_permission' doesn't exist
[OnlineJudge][ERROR] [2016-06-21 13:56:36] org.hibernate.tool.hbm2ddl.SchemaUpdate.execute(235) | HHH000388: Unsuccessful: alter table onlinejudgedb.django_admin_log add index FKB361767061939D68 (content_type_id), add constraint FKB361767061939D68 foreign key (content_type_id) references onlinejudgedb.django_content_type (id)
[OnlineJudge][ERROR] [2016-06-21 13:56:36] org.hibernate.tool.hbm2ddl.SchemaUpdate.execute(236) | Table 'onlinejudgedb.django_admin_log' doesn't exist
[OnlineJudge][ERROR] [2016-06-21 13:56:36] org.hibernate.tool.hbm2ddl.SchemaUpdate.execute(235) | HHH000388: Unsuccessful: alter table onlinejudgedb.django_admin_log add index FKB3617670C44148EC (user_id), add constraint FKB3617670C44148EC foreign key (user_id) references onlinejudgedb.auth_user (id)
[OnlineJudge][ERROR] [2016-06-21 13:56:36] org.hibernate.tool.hbm2ddl.SchemaUpdate.execute(236) | Table 'onlinejudgedb.django_admin_log' doesn't exist
[OnlineJudge][ERROR] [2016-06-21 13:56:38] org.hibernate.engine.jdbc.spi.SqlExceptionHelper.logExceptions(144) | Table 'onlinejudgedb.auth_user' doesn't exist
[OnlineJudge][ERROR] [2016-06-21 13:57:40] org.hibernate.tool.hbm2ddl.SchemaUpdate.execute(235) | HHH000388: Unsuccessful: create table onlinejudgedb.auth_group (id integer not null auto_increment, name varchar(80) not null unique, primary key (id)) ENGINE=InnoDB
[OnlineJudge][ERROR] [2016-06-21 13:57:40] org.hibernate.tool.hbm2ddl.SchemaUpdate.execute(236) | Unknown database 'onlinejudgedb'
[OnlineJudge][ERROR] [2016-06-21 13:57:40] org.hibernate.tool.hbm2ddl.SchemaUpdate.execute(235) | HHH000388: Unsuccessful: create table onlinejudgedb.auth_permission (id integer not null auto_increment, content_type_id integer not null, name varchar(255) not null, codename varchar(100) not null, primary key (id)) ENGINE=InnoDB
[OnlineJudge][ERROR] [2016-06-21 13:57:40] org.hibernate.tool.hbm2ddl.SchemaUpdate.execute(236) | Unknown database 'onlinejudgedb'
[OnlineJudge][ERROR] [2016-06-21 13:57:40] org.hibernate.tool.hbm2ddl.SchemaUpdate.execute(235) | HHH000388: Unsuccessful: create table onlinejudgedb.auth_user (id integer not null auto_increment, password varchar(128) not null, last_login datetime, is_superuser boolean not null, username varchar(30) not null unique, first_name varchar(30) not null, last_name varchar(30) not null, email varchar(254) not null, is_staff boolean not null, is_active boolean not null, date_joined datetime not null, primary key (id)) ENGINE=InnoDB
[OnlineJudge][ERROR] [2016-06-21 13:57:40] org.hibernate.tool.hbm2ddl.SchemaUpdate.execute(236) | Unknown database 'onlinejudgedb'
[OnlineJudge][ERROR] [2016-06-21 13:57:40] org.hibernate.tool.hbm2ddl.SchemaUpdate.execute(235) | HHH000388: Unsuccessful: create table onlinejudgedb.django_admin_log (id integer not null auto_increment, user_id integer not null, content_type_id integer, action_time datetime not null, object_id varchar(255), object_repr varchar(200) not null, action_flag smallint not null, change_message varchar(255) not null, primary key (id)) ENGINE=InnoDB
[OnlineJudge][ERROR] [2016-06-21 13:57:40] org.hibernate.tool.hbm2ddl.SchemaUpdate.execute(236) | Unknown database 'onlinejudgedb'
[OnlineJudge][ERROR] [2016-06-21 13:57:40] org.hibernate.tool.hbm2ddl.SchemaUpdate.execute(235) | HHH000388: Unsuccessful: create table onlinejudgedb.django_content_type (id integer not null auto_increment, app_label varchar(100) not null, model varchar(100) not null, primary key (id)) ENGINE=InnoDB
[OnlineJudge][ERROR] [2016-06-21 13:57:40] org.hibernate.tool.hbm2ddl.SchemaUpdate.execute(236) | Unknown database 'onlinejudgedb'
[OnlineJudge][ERROR] [2016-06-21 13:57:40] org.hibernate.tool.hbm2ddl.SchemaUpdate.execute(235) | HHH000388: Unsuccessful: alter table onlinejudgedb.auth_permission add index FK9C0EA4C661939D68 (content_type_id), add constraint FK9C0EA4C661939D68 foreign key (content_type_id) references onlinejudgedb.django_content_type (id)
[OnlineJudge][ERROR] [2016-06-21 13:57:40] org.hibernate.tool.hbm2ddl.SchemaUpdate.execute(236) | Table 'onlinejudgedb.auth_permission' doesn't exist
[OnlineJudge][ERROR] [2016-06-21 13:57:40] org.hibernate.tool.hbm2ddl.SchemaUpdate.execute(235) | HHH000388: Unsuccessful: alter table onlinejudgedb.django_admin_log add index FKB361767061939D68 (content_type_id), add constraint FKB361767061939D68 foreign key (content_type_id) references onlinejudgedb.django_content_type (id)
[OnlineJudge][ERROR] [2016-06-21 13:57:40] org.hibernate.tool.hbm2ddl.SchemaUpdate.execute(236) | Table 'onlinejudgedb.django_admin_log' doesn't exist
[OnlineJudge][ERROR] [2016-06-21 13:57:40] org.hibernate.tool.hbm2ddl.SchemaUpdate.execute(235) | HHH000388: Unsuccessful: alter table onlinejudgedb.django_admin_log add index FKB3617670C44148EC (user_id), add constraint FKB3617670C44148EC foreign key (user_id) references onlinejudgedb.auth_user (id)
[OnlineJudge][ERROR] [2016-06-21 13:57:40] org.hibernate.tool.hbm2ddl.SchemaUpdate.execute(236) | Table 'onlinejudgedb.django_admin_log' doesn't exist
[OnlineJudge][ERROR] [2016-06-21 13:57:41] org.hibernate.engine.jdbc.spi.SqlExceptionHelper.logExceptions(144) | Table 'onlinejudgedb.auth_user' doesn't exist
